AA:AA0,AD-2
AB:AB0,AA-1,AD-3,CC0
AD:AD0,AE1
AE:AE0,AB1
CC:CC0,AB0,AA-1,AD-3
-----
AA:AA0,AD-2,AE-1
AB:AB0,AA-1,AD-3,CC0,AE-2
AD:AD0,AE1,AB2
AE:AE0,AB1,AA0,AD-2,CC1
CC:CC0,AB0,AA-1,AD-3,AE-2
-----
AA:AA0,AD-2,AE-1,AB0
AB:AB0,AA-1,AD-3,CC0,AE-2
AD:AD0,AE1,AB2,AA1,CC2
AE:AE0,AB1,AA0,AD-2,CC1
CC:CC0,AB0,AA-1,AD-3,AE-2
-----
AA:AA0,AD-2,AE-1,AB0,CC0
AB:AB0,AA-1,AD-3,CC-1,AE-2
AD:AD0,AE1,AB2,AA1,CC2
AE:AE0,AB1,AA0,AD-2,CC1
CC:CC0,AB0,AA-1,AD-3,AE-2
-----
AA:AA0,AD-2,AE-1,AB0,CC0
AB:AB0,AA-1,AD-3,CC-1,AE-2
AD:AD0,AE1,AB2,AA1,CC2
AE:AE0,AB1,AA0,AD-2,CC0
CC:CC0,AB0,AA-1,AD-3,AE-2
-----
AA:AA0,AD-2,AE-1,AB0,CC0
AB:AB0,AA-1,AD-3,CC-1,AE-2
AD:AD0,AE1,AB2,AA1,CC1
AE:AE0,AB1,AA0,AD-2,CC0
CC:CC0,AB0,AA-1,AD-3,AE-2
-----
AA:AA0,AD-2,AE-1,AB0,CC-1
AB:AB0,AA-1,AD-3,CC-99,AE-2
AD:AD0,AE1,AB2,AA1,CC1
AE:AE0,AB1,AA0,AD-2,CC0
CC:CC0,AB0,AA-1,AD-3,AE-2
-----
AA:AA0,AD-2,AE-1,AB0,CC-1
AB:AB0,AA-1,AD-3,CC-99,AE-2
AD:AD0,AE1,AB2,AA1,CC1
AE:AE0,AB1,AA0,AD-2,CC-99
CC:CC0,AB0,AA-1,AD-3,AE-2
-----
AA:AA0,AD-2,AE-1,AB0,CC-1
AB:AB0,AA-1,AD-3,CC-99,AE-2
AD:AD0,AE1,AB2,AA1,CC-99
AE:AE0,AB1,AA0,AD-2,CC-99
CC:CC0,AB0,AA-1,AD-3,AE-2
-----
AA:AA0,AD-2,AE-1,AB0,CC-99
AB:AB0,AA-1,AD-3,CC-99,AE-2
AD:AD0,AE1,AB2,AA1,CC-99
AE:AE0,AB1,AA0,AD-2,CC-99
CC:CC0,AB0,AA-1,AD-3,AE-2
-----
